2023-04-07 10:05:47.588  INFO 13861 --- [restartedMain] b.c.s.mscartoes.MscartoesApplication     : Starting MscartoesApplication using Java 17.0.6 on santos-pc with PID 13861 (/media/santos/9697-135A/workspace-cursos/fintech-api/mscartoes/target/classes started by santos in /media/santos/9697-135A/workspace-cursos/fintech-api/mscartoes)
2023-04-07 10:05:47.590  INFO 13861 --- [restartedMain] b.c.s.mscartoes.MscartoesApplication     : No active profile set, falling back to 1 default profile: "default"
2023-04-07 10:05:47.664  INFO 13861 --- [restartedMain] .e.DevToolsPropertyDefaultsPostProcessor : Devtools property defaults active! Set 'spring.devtools.add-properties' to 'false' to disable
2023-04-07 10:05:47.664  INFO 13861 --- [restartedMain] .e.DevToolsPropertyDefaultsPostProcessor : For additional web related logging consider setting the 'logging.level.web' property to 'DEBUG'
2023-04-07 10:05:48.650  INFO 13861 --- [restartedMain] .s.d.r.c.RepositoryConfigurationDelegate : Bootstrapping Spring Data JPA repositories in DEFAULT mode.
2023-04-07 10:05:48.813  INFO 13861 --- [restartedMain] .s.d.r.c.RepositoryConfigurationDelegate : Finished Spring Data repository scanning in 145 ms. Found 2 JPA repository interfaces.
2023-04-07 10:05:49.175  INFO 13861 --- [restartedMain] o.s.cloud.context.scope.GenericScope     : BeanFactory id=cf48ef8c-d030-37a4-a9e9-66468ecb588b
2023-04-07 10:05:49.906  INFO 13861 --- [restartedMain] o.s.b.w.embedded.tomcat.TomcatWebServer  : Tomcat initialized with port(s): 0 (http)
2023-04-07 10:05:49.917  INFO 13861 --- [restartedMain] o.apache.catalina.core.StandardService   : Starting service [Tomcat]
2023-04-07 10:05:49.917  INFO 13861 --- [restartedMain] org.apache.catalina.core.StandardEngine  : Starting Servlet engine: [Apache Tomcat/9.0.60]
2023-04-07 10:05:49.990  INFO 13861 --- [restartedMain] o.a.c.c.C.[Tomcat].[localhost].[/]       : Initializing Spring embedded WebApplicationContext
2023-04-07 10:05:49.990  INFO 13861 --- [restartedMain] w.s.c.ServletWebServerApplicationContext : Root WebApplicationContext: initialization completed in 2325 ms
2023-04-07 10:05:50.028  INFO 13861 --- [restartedMain] com.zaxxer.hikari.HikariDataSource       : HikariPool-1 - Starting...
2023-04-07 10:05:50.199  INFO 13861 --- [restartedMain] com.zaxxer.hikari.HikariDataSource       : HikariPool-1 - Start completed.
2023-04-07 10:05:50.220  INFO 13861 --- [restartedMain] o.s.b.a.h2.H2ConsoleAutoConfiguration    : H2 console available at '/h2-console'. Database available at 'jdbc:h2:mem:880dce03-36cb-40d4-8f60-174363d4a9b8'
2023-04-07 10:05:50.425  INFO 13861 --- [restartedMain] o.hibernate.jpa.internal.util.LogHelper  : HHH000204: Processing PersistenceUnitInfo [name: default]
2023-04-07 10:05:50.469  INFO 13861 --- [restartedMain] org.hibernate.Version                    : HHH000412: Hibernate ORM core version 5.6.7.Final
2023-04-07 10:05:50.609  INFO 13861 --- [restartedMain] o.hibernate.annotations.common.Version   : HCANN000001: Hibernate Commons Annotations {5.1.2.Final}
2023-04-07 10:05:50.724  INFO 13861 --- [restartedMain] org.hibernate.dialect.Dialect            : HHH000400: Using dialect: org.hibernate.dialect.H2Dialect
2023-04-07 10:05:51.408  INFO 13861 --- [restartedMain] o.h.e.t.j.p.i.JtaPlatformInitiator       : HHH000490: Using JtaPlatform implementation: [org.hibernate.engine.transaction.jta.platform.internal.NoJtaPlatform]
2023-04-07 10:05:51.422  INFO 13861 --- [restartedMain] j.LocalContainerEntityManagerFactoryBean : Initialized JPA EntityManagerFactory for persistence unit 'default'
2023-04-07 10:05:51.986  WARN 13861 --- [restartedMain] JpaBaseConfiguration$JpaWebConfiguration : spring.jpa.open-in-view is enabled by default. Therefore, database queries may be performed during view rendering. Explicitly configure spring.jpa.open-in-view to disable this warning
2023-04-07 10:05:52.776  INFO 13861 --- [restartedMain] o.s.b.d.a.OptionalLiveReloadServer       : LiveReload server is running on port 35729
2023-04-07 10:05:52.891  INFO 13861 --- [restartedMain] DiscoveryClientOptionalArgsConfiguration : Eureka HTTP Client uses RestTemplate.
2023-04-07 10:05:53.053  WARN 13861 --- [restartedMain] iguration$LoadBalancerCaffeineWarnLogger : Spring Cloud LoadBalancer is currently working with the default cache. While this cache implementation is useful for development and tests, it's recommended to use Caffeine cache in production.You can switch to using Caffeine cache, by adding it and org.springframework.cache.caffeine.CaffeineCacheManager to the classpath.
2023-04-07 10:05:53.117  INFO 13861 --- [restartedMain] o.s.b.w.embedded.tomcat.TomcatWebServer  : Tomcat started on port(s): 36881 (http) with context path ''
2023-04-07 10:05:53.118  INFO 13861 --- [restartedMain] .s.c.n.e.s.EurekaAutoServiceRegistration : Updating port to 36881
2023-04-07 10:05:53.122  INFO 13861 --- [restartedMain] o.s.c.n.eureka.InstanceInfoFactory       : Setting initial instance status as: STARTING
2023-04-07 10:05:53.226  INFO 13861 --- [restartedMain] com.netflix.discovery.DiscoveryClient    : Initializing Eureka in region us-east-1
2023-04-07 10:05:53.230  INFO 13861 --- [restartedMain] c.n.d.s.r.aws.ConfigClusterResolver      : Resolving eureka endpoints via configuration
2023-04-07 10:05:53.263  INFO 13861 --- [restartedMain] com.netflix.discovery.DiscoveryClient    : Disable delta property : false
2023-04-07 10:05:53.263  INFO 13861 --- [restartedMain] com.netflix.discovery.DiscoveryClient    : Single vip registry refresh property : null
2023-04-07 10:05:53.263  INFO 13861 --- [restartedMain] com.netflix.discovery.DiscoveryClient    : Force full registry fetch : false
2023-04-07 10:05:53.263  INFO 13861 --- [restartedMain] com.netflix.discovery.DiscoveryClient    : Application is null : false
2023-04-07 10:05:53.263  INFO 13861 --- [restartedMain] com.netflix.discovery.DiscoveryClient    : Registered Applications size is zero : true
2023-04-07 10:05:53.263  INFO 13861 --- [restartedMain] com.netflix.discovery.DiscoveryClient    : Application version is -1: true
2023-04-07 10:05:53.264  INFO 13861 --- [restartedMain] com.netflix.discovery.DiscoveryClient    : Getting all instance registry info from the eureka server
2023-04-07 10:05:53.667  INFO 13861 --- [restartedMain] com.netflix.discovery.DiscoveryClient    : The response status is 200
2023-04-07 10:05:53.672  INFO 13861 --- [restartedMain] com.netflix.discovery.DiscoveryClient    : Starting heartbeat executor: renew interval is: 30
2023-04-07 10:05:53.676  INFO 13861 --- [restartedMain] c.n.discovery.InstanceInfoReplicator     : InstanceInfoReplicator onDemand update allowed rate per min is 4
2023-04-07 10:05:53.683  INFO 13861 --- [restartedMain] com.netflix.discovery.DiscoveryClient    : Discovery Client initialized at timestamp 1680872753681 with initial instances count: 3
2023-04-07 10:05:53.687  INFO 13861 --- [restartedMain] o.s.c.n.e.s.EurekaServiceRegistry        : Registering application MSCARTOES with eureka with status UP
2023-04-07 10:05:53.688  INFO 13861 --- [restartedMain] com.netflix.discovery.DiscoveryClient    : Saw local status change event StatusChangeEvent [timestamp=1680872753688, current=UP, previous=STARTING]
2023-04-07 10:05:53.690  INFO 13861 --- [DiscoveryClient-InstanceInfoReplicator-0] com.netflix.discovery.DiscoveryClient    : DiscoveryClient_MSCARTOES/mscartoes:c1e1d733a95aeb489f0f14bcc27a1867: registering service...
2023-04-07 10:05:53.736  INFO 13861 --- [restartedMain] o.s.a.r.c.CachingConnectionFactory       : Attempting to connect to: [localhost:5672]
2023-04-07 10:05:53.840  INFO 13861 --- [DiscoveryClient-InstanceInfoReplicator-0] com.netflix.discovery.DiscoveryClient    : DiscoveryClient_MSCARTOES/mscartoes:c1e1d733a95aeb489f0f14bcc27a1867 - registration status: 204
2023-04-07 10:05:53.875  INFO 13861 --- [restartedMain] o.s.a.r.c.CachingConnectionFactory       : Created new connection: rabbitConnectionFactory#204bba0:0/SimpleConnection@3b040d13 [delegate=amqp://guest@127.0.0.1:5672/, localPort= 45248]
2023-04-07 10:05:54.019  INFO 13861 --- [restartedMain] b.c.s.mscartoes.MscartoesApplication     : Started MscartoesApplication in 7.258 seconds (JVM running for 8.024)
2023-04-07 10:07:50.196  INFO 13861 --- [http-nio-auto-1-exec-1] o.a.c.c.C.[Tomcat].[localhost].[/]       : Initializing Spring DispatcherServlet 'dispatcherServlet'
2023-04-07 10:07:50.196  INFO 13861 --- [http-nio-auto-1-exec-1] o.s.web.servlet.DispatcherServlet        : Initializing Servlet 'dispatcherServlet'
2023-04-07 10:07:50.197  INFO 13861 --- [http-nio-auto-1-exec-1] o.s.web.servlet.DispatcherServlet        : Completed initialization in 1 ms
2023-04-07 10:09:03.821  INFO 13861 --- [SpringApplicationShutdownHook] o.s.c.n.e.s.EurekaServiceRegistry        : Unregistering application MSCARTOES with eureka with status DOWN
2023-04-07 10:09:03.823  INFO 13861 --- [SpringApplicationShutdownHook] com.netflix.discovery.DiscoveryClient    : Saw local status change event StatusChangeEvent [timestamp=1680872943823, current=DOWN, previous=UP]
2023-04-07 10:09:03.824  INFO 13861 --- [DiscoveryClient-InstanceInfoReplicator-0] com.netflix.discovery.DiscoveryClient    : DiscoveryClient_MSCARTOES/mscartoes:c1e1d733a95aeb489f0f14bcc27a1867: registering service...
2023-04-07 10:09:03.834  INFO 13861 --- [DiscoveryClient-InstanceInfoReplicator-0] com.netflix.discovery.DiscoveryClient    : DiscoveryClient_MSCARTOES/mscartoes:c1e1d733a95aeb489f0f14bcc27a1867 - registration status: 204
2023-04-07 10:09:03.845  INFO 13861 --- [SpringApplicationShutdownHook] o.s.a.r.l.SimpleMessageListenerContainer : Waiting for workers to finish.
2023-04-07 10:09:04.041  INFO 13861 --- [SpringApplicationShutdownHook] o.s.a.r.l.SimpleMessageListenerContainer : Successfully waited for workers to finish.
2023-04-07 10:09:04.070  INFO 13861 --- [SpringApplicationShutdownHook] j.LocalContainerEntityManagerFactoryBean : Closing JPA EntityManagerFactory for persistence unit 'default'
2023-04-07 10:09:04.071  INFO 13861 --- [SpringApplicationShutdownHook] .SchemaDropperImpl$DelayedDropActionImpl : HHH000477: Starting delayed evictData of schema as part of SessionFactory shut-down'
2023-04-07 10:09:04.295  WARN 13861 --- [SpringApplicationShutdownHook] o.s.b.f.support.DisposableBeanAdapter    : Invocation of destroy method failed on bean with name 'inMemoryDatabaseShutdownExecutor': org.h2.jdbc.JdbcSQLNonTransientConnectionException: Database is already closed (to disable automatic closing at VM shutdown, add ";DB_CLOSE_ON_EXIT=FALSE" to the db URL) [90121-200]
2023-04-07 10:09:04.297  INFO 13861 --- [SpringApplicationShutdownHook] com.zaxxer.hikari.HikariDataSource       : HikariPool-1 - Shutdown initiated...
2023-04-07 10:09:04.300  INFO 13861 --- [SpringApplicationShutdownHook] com.zaxxer.hikari.HikariDataSource       : HikariPool-1 - Shutdown completed.
2023-04-07 10:09:04.301  INFO 13861 --- [SpringApplicationShutdownHook] com.netflix.discovery.DiscoveryClient    : Shutting down DiscoveryClient ...
2023-04-07 10:09:07.307  INFO 13861 --- [SpringApplicationShutdownHook] com.netflix.discovery.DiscoveryClient    : Unregistering ...
2023-04-07 10:09:07.319  INFO 13861 --- [SpringApplicationShutdownHook] com.netflix.discovery.DiscoveryClient    : DiscoveryClient_MSCARTOES/mscartoes:c1e1d733a95aeb489f0f14bcc27a1867 - deregister  status: 200
2023-04-07 10:09:07.330  INFO 13861 --- [SpringApplicationShutdownHook] com.netflix.discovery.DiscoveryClient    : Completed shut down of DiscoveryClient
2023-04-07 10:09:19.962  INFO 14528 --- [restartedMain] b.c.s.mscartoes.MscartoesApplication     : Starting MscartoesApplication using Java 17.0.6 on santos-pc with PID 14528 (/media/santos/9697-135A/workspace-cursos/fintech-api/mscartoes/target/classes started by santos in /media/santos/9697-135A/workspace-cursos/fintech-api/mscartoes)
2023-04-07 10:09:19.963  INFO 14528 --- [restartedMain] b.c.s.mscartoes.MscartoesApplication     : No active profile set, falling back to 1 default profile: "default"
2023-04-07 10:09:20.018  INFO 14528 --- [restartedMain] .e.DevToolsPropertyDefaultsPostProcessor : Devtools property defaults active! Set 'spring.devtools.add-properties' to 'false' to disable
2023-04-07 10:09:20.019  INFO 14528 --- [restartedMain] .e.DevToolsPropertyDefaultsPostProcessor : For additional web related logging consider setting the 'logging.level.web' property to 'DEBUG'
2023-04-07 10:09:21.031  INFO 14528 --- [restartedMain] .s.d.r.c.RepositoryConfigurationDelegate : Bootstrapping Spring Data JPA repositories in DEFAULT mode.
2023-04-07 10:09:21.154  INFO 14528 --- [restartedMain] .s.d.r.c.RepositoryConfigurationDelegate : Finished Spring Data repository scanning in 114 ms. Found 2 JPA repository interfaces.
2023-04-07 10:09:21.501  INFO 14528 --- [restartedMain] o.s.cloud.context.scope.GenericScope     : BeanFactory id=b36e74dc-5b1f-37ad-9786-43ed33f1092b
2023-04-07 10:09:22.139  INFO 14528 --- [restartedMain] o.s.b.w.embedded.tomcat.TomcatWebServer  : Tomcat initialized with port(s): 0 (http)
2023-04-07 10:09:22.149  INFO 14528 --- [restartedMain] o.apache.catalina.core.StandardService   : Starting service [Tomcat]
2023-04-07 10:09:22.149  INFO 14528 --- [restartedMain] org.apache.catalina.core.StandardEngine  : Starting Servlet engine: [Apache Tomcat/9.0.60]
2023-04-07 10:09:22.233  INFO 14528 --- [restartedMain] o.a.c.c.C.[Tomcat].[localhost].[/]       : Initializing Spring embedded WebApplicationContext
2023-04-07 10:09:22.233  INFO 14528 --- [restartedMain] w.s.c.ServletWebServerApplicationContext : Root WebApplicationContext: initialization completed in 2214 ms
2023-04-07 10:09:22.393  INFO 14528 --- [restartedMain] com.zaxxer.hikari.HikariDataSource       : HikariPool-1 - Starting...
2023-04-07 10:09:22.582  INFO 14528 --- [restartedMain] com.zaxxer.hikari.HikariDataSource       : HikariPool-1 - Start completed.
2023-04-07 10:09:22.595  INFO 14528 --- [restartedMain] o.s.b.a.h2.H2ConsoleAutoConfiguration    : H2 console available at '/h2-console'. Database available at 'jdbc:h2:mem:aac8fb06-741b-458d-a9bb-7093cfb41ace'
2023-04-07 10:09:22.787  INFO 14528 --- [restartedMain] o.hibernate.jpa.internal.util.LogHelper  : HHH000204: Processing PersistenceUnitInfo [name: default]
2023-04-07 10:09:22.851  INFO 14528 --- [restartedMain] org.hibernate.Version                    : HHH000412: Hibernate ORM core version 5.6.7.Final
2023-04-07 10:09:22.996  INFO 14528 --- [restartedMain] o.hibernate.annotations.common.Version   : HCANN000001: Hibernate Commons Annotations {5.1.2.Final}
2023-04-07 10:09:23.098  INFO 14528 --- [restartedMain] org.hibernate.dialect.Dialect            : HHH000400: Using dialect: org.hibernate.dialect.H2Dialect
2023-04-07 10:09:23.622  INFO 14528 --- [restartedMain] o.h.e.t.j.p.i.JtaPlatformInitiator       : HHH000490: Using JtaPlatform implementation: [org.hibernate.engine.transaction.jta.platform.internal.NoJtaPlatform]
2023-04-07 10:09:23.629  INFO 14528 --- [restartedMain] j.LocalContainerEntityManagerFactoryBean : Initialized JPA EntityManagerFactory for persistence unit 'default'
2023-04-07 10:09:24.318  WARN 14528 --- [restartedMain] JpaBaseConfiguration$JpaWebConfiguration : spring.jpa.open-in-view is enabled by default. Therefore, database queries may be performed during view rendering. Explicitly configure spring.jpa.open-in-view to disable this warning
2023-04-07 10:09:26.377  INFO 14528 --- [restartedMain] o.s.b.d.a.OptionalLiveReloadServer       : LiveReload server is running on port 35729
2023-04-07 10:09:26.468  INFO 14528 --- [restartedMain] DiscoveryClientOptionalArgsConfiguration : Eureka HTTP Client uses RestTemplate.
2023-04-07 10:09:26.557  WARN 14528 --- [restartedMain] iguration$LoadBalancerCaffeineWarnLogger : Spring Cloud LoadBalancer is currently working with the default cache. While this cache implementation is useful for development and tests, it's recommended to use Caffeine cache in production.You can switch to using Caffeine cache, by adding it and org.springframework.cache.caffeine.CaffeineCacheManager to the classpath.
2023-04-07 10:09:26.564  INFO 14528 --- [restartedMain] o.s.b.a.e.web.EndpointLinksResolver      : Exposing 17 endpoint(s) beneath base path '/actuator'
2023-04-07 10:09:26.647  INFO 14528 --- [restartedMain] o.s.b.w.embedded.tomcat.TomcatWebServer  : Tomcat started on port(s): 38597 (http) with context path ''
2023-04-07 10:09:26.649  INFO 14528 --- [restartedMain] .s.c.n.e.s.EurekaAutoServiceRegistration : Updating port to 38597
2023-04-07 10:09:26.653  INFO 14528 --- [restartedMain] o.s.c.n.eureka.InstanceInfoFactory       : Setting initial instance status as: STARTING
2023-04-07 10:09:26.724  INFO 14528 --- [restartedMain] com.netflix.discovery.DiscoveryClient    : Initializing Eureka in region us-east-1
2023-04-07 10:09:26.729  INFO 14528 --- [restartedMain] c.n.d.s.r.aws.ConfigClusterResolver      : Resolving eureka endpoints via configuration
2023-04-07 10:09:26.750  INFO 14528 --- [restartedMain] com.netflix.discovery.DiscoveryClient    : Disable delta property : false
2023-04-07 10:09:26.750  INFO 14528 --- [restartedMain] com.netflix.discovery.DiscoveryClient    : Single vip registry refresh property : null
2023-04-07 10:09:26.751  INFO 14528 --- [restartedMain] com.netflix.discovery.DiscoveryClient    : Force full registry fetch : false
2023-04-07 10:09:26.751  INFO 14528 --- [restartedMain] com.netflix.discovery.DiscoveryClient    : Application is null : false
2023-04-07 10:09:26.751  INFO 14528 --- [restartedMain] com.netflix.discovery.DiscoveryClient    : Registered Applications size is zero : true
2023-04-07 10:09:26.751  INFO 14528 --- [restartedMain] com.netflix.discovery.DiscoveryClient    : Application version is -1: true
2023-04-07 10:09:26.751  INFO 14528 --- [restartedMain] com.netflix.discovery.DiscoveryClient    : Getting all instance registry info from the eureka server
2023-04-07 10:09:27.143  INFO 14528 --- [restartedMain] com.netflix.discovery.DiscoveryClient    : The response status is 200
2023-04-07 10:09:27.145  INFO 14528 --- [restartedMain] com.netflix.discovery.DiscoveryClient    : Starting heartbeat executor: renew interval is: 30
2023-04-07 10:09:27.148  INFO 14528 --- [restartedMain] c.n.discovery.InstanceInfoReplicator     : InstanceInfoReplicator onDemand update allowed rate per min is 4
2023-04-07 10:09:27.154  INFO 14528 --- [restartedMain] com.netflix.discovery.DiscoveryClient    : Discovery Client initialized at timestamp 1680872967153 with initial instances count: 3
2023-04-07 10:09:27.157  INFO 14528 --- [restartedMain] o.s.c.n.e.s.EurekaServiceRegistry        : Registering application MSCARTOES with eureka with status UP
2023-04-07 10:09:27.157  INFO 14528 --- [restartedMain] com.netflix.discovery.DiscoveryClient    : Saw local status change event StatusChangeEvent [timestamp=1680872967157, current=UP, previous=STARTING]
2023-04-07 10:09:27.159  INFO 14528 --- [DiscoveryClient-InstanceInfoReplicator-0] com.netflix.discovery.DiscoveryClient    : DiscoveryClient_MSCARTOES/mscartoes:173812c951ece5d1ba935513d41c55fb: registering service...
2023-04-07 10:09:27.208  INFO 14528 --- [restartedMain] o.s.a.r.c.CachingConnectionFactory       : Attempting to connect to: [localhost:5672]
2023-04-07 10:09:27.266  INFO 14528 --- [restartedMain] o.s.a.r.c.CachingConnectionFactory       : Created new connection: rabbitConnectionFactory#16e820ef:0/SimpleConnection@3b9b12d2 [delegate=amqp://guest@127.0.0.1:5672/, localPort= 52660]
2023-04-07 10:09:27.305  INFO 14528 --- [DiscoveryClient-InstanceInfoReplicator-0] com.netflix.discovery.DiscoveryClient    : DiscoveryClient_MSCARTOES/mscartoes:173812c951ece5d1ba935513d41c55fb - registration status: 204
2023-04-07 10:09:27.336  INFO 14528 --- [restartedMain] b.c.s.mscartoes.MscartoesApplication     : Started MscartoesApplication in 7.975 seconds (JVM running for 8.547)
2023-04-07 10:10:07.996  INFO 14528 --- [http-nio-auto-1-exec-1] o.a.c.c.C.[Tomcat].[localhost].[/]       : Initializing Spring DispatcherServlet 'dispatcherServlet'
2023-04-07 10:10:07.997  INFO 14528 --- [http-nio-auto-1-exec-1] o.s.web.servlet.DispatcherServlet        : Initializing Servlet 'dispatcherServlet'
2023-04-07 10:10:07.999  INFO 14528 --- [http-nio-auto-1-exec-1] o.s.web.servlet.DispatcherServlet        : Completed initialization in 2 ms
2023-04-07 10:12:18.421  INFO 14528 --- [http-nio-auto-1-exec-3] o.springdoc.api.AbstractOpenApiResource  : Init duration for springdoc-openapi is: 181 ms
2023-04-07 10:14:26.754  INFO 14528 --- [AsyncResolver-bootstrap-executor-0] c.n.d.s.r.aws.ConfigClusterResolver      : Resolving eureka endpoints via configuration
2023-04-07 10:15:17.718  INFO 14528 --- [SpringApplicationShutdownHook] o.s.c.n.e.s.EurekaServiceRegistry        : Unregistering application MSCARTOES with eureka with status DOWN
2023-04-07 10:15:17.719  INFO 14528 --- [SpringApplicationShutdownHook] com.netflix.discovery.DiscoveryClient    : Saw local status change event StatusChangeEvent [timestamp=1680873317719, current=DOWN, previous=UP]
2023-04-07 10:15:17.719  INFO 14528 --- [DiscoveryClient-InstanceInfoReplicator-0] com.netflix.discovery.DiscoveryClient    : DiscoveryClient_MSCARTOES/mscartoes:173812c951ece5d1ba935513d41c55fb: registering service...
2023-04-07 10:15:17.726  INFO 14528 --- [DiscoveryClient-InstanceInfoReplicator-0] com.netflix.discovery.DiscoveryClient    : DiscoveryClient_MSCARTOES/mscartoes:173812c951ece5d1ba935513d41c55fb - registration status: 204
2023-04-07 10:15:17.732  INFO 14528 --- [SpringApplicationShutdownHook] o.s.a.r.l.SimpleMessageListenerContainer : Waiting for workers to finish.
2023-04-07 10:15:18.408  INFO 14528 --- [SpringApplicationShutdownHook] o.s.a.r.l.SimpleMessageListenerContainer : Successfully waited for workers to finish.
2023-04-07 10:15:18.458  INFO 14528 --- [SpringApplicationShutdownHook] j.LocalContainerEntityManagerFactoryBean : Closing JPA EntityManagerFactory for persistence unit 'default'
2023-04-07 10:15:18.458  INFO 14528 --- [SpringApplicationShutdownHook] .SchemaDropperImpl$DelayedDropActionImpl : HHH000477: Starting delayed evictData of schema as part of SessionFactory shut-down'
2023-04-07 10:15:18.690  WARN 14528 --- [SpringApplicationShutdownHook] o.s.b.f.support.DisposableBeanAdapter    : Invocation of destroy method failed on bean with name 'inMemoryDatabaseShutdownExecutor': org.h2.jdbc.JdbcSQLNonTransientConnectionException: Database is already closed (to disable automatic closing at VM shutdown, add ";DB_CLOSE_ON_EXIT=FALSE" to the db URL) [90121-200]
2023-04-07 10:15:18.693  INFO 14528 --- [SpringApplicationShutdownHook] com.zaxxer.hikari.HikariDataSource       : HikariPool-1 - Shutdown initiated...
2023-04-07 10:15:18.697  INFO 14528 --- [SpringApplicationShutdownHook] com.zaxxer.hikari.HikariDataSource       : HikariPool-1 - Shutdown completed.
2023-04-07 10:15:18.700  INFO 14528 --- [SpringApplicationShutdownHook] com.netflix.discovery.DiscoveryClient    : Shutting down DiscoveryClient ...
2023-04-07 10:15:21.702  INFO 14528 --- [SpringApplicationShutdownHook] com.netflix.discovery.DiscoveryClient    : Unregistering ...
2023-04-07 10:15:21.706  INFO 14528 --- [SpringApplicationShutdownHook] com.netflix.discovery.DiscoveryClient    : DiscoveryClient_MSCARTOES/mscartoes:173812c951ece5d1ba935513d41c55fb - deregister  status: 200
2023-04-07 10:15:21.712  INFO 14528 --- [SpringApplicationShutdownHook] com.netflix.discovery.DiscoveryClient    : Completed shut down of DiscoveryClient
