2023-04-07 10:07:31.946  INFO 14043 --- [restartedMain] b.c.s.m.MsavaliadorcreditoApplication    : Starting MsavaliadorcreditoApplication using Java 17.0.6 on santos-pc with PID 14043 (/media/santos/9697-135A/workspace-cursos/fintech-api/msavaliadorcredito/target/classes started by santos in /media/santos/9697-135A/workspace-cursos/fintech-api/msavaliadorcredito)
2023-04-07 10:07:31.947  INFO 14043 --- [restartedMain] b.c.s.m.MsavaliadorcreditoApplication    : No active profile set, falling back to 1 default profile: "default"
2023-04-07 10:07:31.999  INFO 14043 --- [restartedMain] .e.DevToolsPropertyDefaultsPostProcessor : Devtools property defaults active! Set 'spring.devtools.add-properties' to 'false' to disable
2023-04-07 10:07:31.999  INFO 14043 --- [restartedMain] .e.DevToolsPropertyDefaultsPostProcessor : For additional web related logging consider setting the 'logging.level.web' property to 'DEBUG'
2023-04-07 10:07:33.256  INFO 14043 --- [restartedMain] o.s.cloud.context.scope.GenericScope     : BeanFactory id=fd497784-b04a-3174-872e-55c69767e339
2023-04-07 10:07:33.754  INFO 14043 --- [restartedMain] o.s.b.w.embedded.tomcat.TomcatWebServer  : Tomcat initialized with port(s): 0 (http)
2023-04-07 10:07:33.762  INFO 14043 --- [restartedMain] o.apache.catalina.core.StandardService   : Starting service [Tomcat]
2023-04-07 10:07:33.762  INFO 14043 --- [restartedMain] org.apache.catalina.core.StandardEngine  : Starting Servlet engine: [Apache Tomcat/9.0.60]
2023-04-07 10:07:33.828  INFO 14043 --- [restartedMain] o.a.c.c.C.[Tomcat].[localhost].[/]       : Initializing Spring embedded WebApplicationContext
2023-04-07 10:07:33.828  INFO 14043 --- [restartedMain] w.s.c.ServletWebServerApplicationContext : Root WebApplicationContext: initialization completed in 1829 ms
2023-04-07 10:07:33.991  WARN 14043 --- [restartedMain] o.s.b.d.a.OptionalLiveReloadServer       : Unable to start LiveReload server
2023-04-07 10:07:34.078  INFO 14043 --- [restartedMain] o.s.c.openfeign.FeignClientFactoryBean   : For 'msclientes' URL not provided. Will try picking an instance via load-balancing.
2023-04-07 10:07:34.198  INFO 14043 --- [restartedMain] o.s.c.openfeign.FeignClientFactoryBean   : For 'mscartoes' URL not provided. Will try picking an instance via load-balancing.
2023-04-07 10:07:34.848  INFO 14043 --- [restartedMain] DiscoveryClientOptionalArgsConfiguration : Eureka HTTP Client uses RestTemplate.
2023-04-07 10:07:34.969  WARN 14043 --- [restartedMain] iguration$LoadBalancerCaffeineWarnLogger : Spring Cloud LoadBalancer is currently working with the default cache. While this cache implementation is useful for development and tests, it's recommended to use Caffeine cache in production.You can switch to using Caffeine cache, by adding it and org.springframework.cache.caffeine.CaffeineCacheManager to the classpath.
2023-04-07 10:07:35.011  INFO 14043 --- [restartedMain] o.s.b.w.embedded.tomcat.TomcatWebServer  : Tomcat started on port(s): 46153 (http) with context path ''
2023-04-07 10:07:35.012  INFO 14043 --- [restartedMain] .s.c.n.e.s.EurekaAutoServiceRegistration : Updating port to 46153
2023-04-07 10:07:35.017  INFO 14043 --- [restartedMain] o.s.c.n.eureka.InstanceInfoFactory       : Setting initial instance status as: STARTING
2023-04-07 10:07:35.116  INFO 14043 --- [restartedMain] com.netflix.discovery.DiscoveryClient    : Initializing Eureka in region us-east-1
2023-04-07 10:07:35.124  INFO 14043 --- [restartedMain] c.n.d.s.r.aws.ConfigClusterResolver      : Resolving eureka endpoints via configuration
2023-04-07 10:07:35.149  INFO 14043 --- [restartedMain] com.netflix.discovery.DiscoveryClient    : Disable delta property : false
2023-04-07 10:07:35.149  INFO 14043 --- [restartedMain] com.netflix.discovery.DiscoveryClient    : Single vip registry refresh property : null
2023-04-07 10:07:35.150  INFO 14043 --- [restartedMain] com.netflix.discovery.DiscoveryClient    : Force full registry fetch : false
2023-04-07 10:07:35.150  INFO 14043 --- [restartedMain] com.netflix.discovery.DiscoveryClient    : Application is null : false
2023-04-07 10:07:35.150  INFO 14043 --- [restartedMain] com.netflix.discovery.DiscoveryClient    : Registered Applications size is zero : true
2023-04-07 10:07:35.150  INFO 14043 --- [restartedMain] com.netflix.discovery.DiscoveryClient    : Application version is -1: true
2023-04-07 10:07:35.150  INFO 14043 --- [restartedMain] com.netflix.discovery.DiscoveryClient    : Getting all instance registry info from the eureka server
2023-04-07 10:07:35.482  INFO 14043 --- [restartedMain] com.netflix.discovery.DiscoveryClient    : The response status is 200
2023-04-07 10:07:35.486  INFO 14043 --- [restartedMain] com.netflix.discovery.DiscoveryClient    : Starting heartbeat executor: renew interval is: 30
2023-04-07 10:07:35.490  INFO 14043 --- [restartedMain] c.n.discovery.InstanceInfoReplicator     : InstanceInfoReplicator onDemand update allowed rate per min is 4
2023-04-07 10:07:35.495  INFO 14043 --- [restartedMain] com.netflix.discovery.DiscoveryClient    : Discovery Client initialized at timestamp 1680872855494 with initial instances count: 3
2023-04-07 10:07:35.497  INFO 14043 --- [restartedMain] o.s.c.n.e.s.EurekaServiceRegistry        : Registering application MSAVALIADORCREDITO with eureka with status UP
2023-04-07 10:07:35.498  INFO 14043 --- [restartedMain] com.netflix.discovery.DiscoveryClient    : Saw local status change event StatusChangeEvent [timestamp=1680872855498, current=UP, previous=STARTING]
2023-04-07 10:07:35.500  INFO 14043 --- [DiscoveryClient-InstanceInfoReplicator-0] com.netflix.discovery.DiscoveryClient    : DiscoveryClient_MSAVALIADORCREDITO/msavaliadorcredito:fa97a8429ca8ecf48da83a5f47712463: registering service...
2023-04-07 10:07:35.552  INFO 14043 --- [restartedMain] b.c.s.m.MsavaliadorcreditoApplication    : Started MsavaliadorcreditoApplication in 4.159 seconds (JVM running for 4.818)
2023-04-07 10:07:35.616  INFO 14043 --- [DiscoveryClient-InstanceInfoReplicator-0] com.netflix.discovery.DiscoveryClient    : DiscoveryClient_MSAVALIADORCREDITO/msavaliadorcredito:fa97a8429ca8ecf48da83a5f47712463 - registration status: 204
2023-04-07 10:08:31.338  INFO 14043 --- [http-nio-auto-1-exec-1] o.a.c.c.C.[Tomcat].[localhost].[/]       : Initializing Spring DispatcherServlet 'dispatcherServlet'
2023-04-07 10:08:31.338  INFO 14043 --- [http-nio-auto-1-exec-1] o.s.web.servlet.DispatcherServlet        : Initializing Servlet 'dispatcherServlet'
2023-04-07 10:08:31.340  INFO 14043 --- [http-nio-auto-1-exec-1] o.s.web.servlet.DispatcherServlet        : Completed initialization in 2 ms
2023-04-07 10:09:18.370  INFO 14043 --- [SpringApplicationShutdownHook] o.s.c.n.e.s.EurekaServiceRegistry        : Unregistering application MSAVALIADORCREDITO with eureka with status DOWN
2023-04-07 10:09:18.372  INFO 14043 --- [SpringApplicationShutdownHook] com.netflix.discovery.DiscoveryClient    : Saw local status change event StatusChangeEvent [timestamp=1680872958372, current=DOWN, previous=UP]
2023-04-07 10:09:18.373  INFO 14043 --- [DiscoveryClient-InstanceInfoReplicator-0] com.netflix.discovery.DiscoveryClient    : DiscoveryClient_MSAVALIADORCREDITO/msavaliadorcredito:fa97a8429ca8ecf48da83a5f47712463: registering service...
2023-04-07 10:09:18.388  INFO 14043 --- [DiscoveryClient-InstanceInfoReplicator-0] com.netflix.discovery.DiscoveryClient    : DiscoveryClient_MSAVALIADORCREDITO/msavaliadorcredito:fa97a8429ca8ecf48da83a5f47712463 - registration status: 204
2023-04-07 10:09:18.412  INFO 14043 --- [SpringApplicationShutdownHook] com.netflix.discovery.DiscoveryClient    : Shutting down DiscoveryClient ...
2023-04-07 10:09:21.414  INFO 14043 --- [SpringApplicationShutdownHook] com.netflix.discovery.DiscoveryClient    : Unregistering ...
2023-04-07 10:09:21.420  INFO 14043 --- [SpringApplicationShutdownHook] com.netflix.discovery.DiscoveryClient    : DiscoveryClient_MSAVALIADORCREDITO/msavaliadorcredito:fa97a8429ca8ecf48da83a5f47712463 - deregister  status: 200
2023-04-07 10:09:21.428  INFO 14043 --- [SpringApplicationShutdownHook] com.netflix.discovery.DiscoveryClient    : Completed shut down of DiscoveryClient
2023-04-07 10:09:31.742  INFO 14748 --- [restartedMain] b.c.s.m.MsavaliadorcreditoApplication    : Starting MsavaliadorcreditoApplication using Java 17.0.6 on santos-pc with PID 14748 (/media/santos/9697-135A/workspace-cursos/fintech-api/msavaliadorcredito/target/classes started by santos in /media/santos/9697-135A/workspace-cursos/fintech-api/msavaliadorcredito)
2023-04-07 10:09:31.743  INFO 14748 --- [restartedMain] b.c.s.m.MsavaliadorcreditoApplication    : No active profile set, falling back to 1 default profile: "default"
2023-04-07 10:09:31.852  INFO 14748 --- [restartedMain] .e.DevToolsPropertyDefaultsPostProcessor : Devtools property defaults active! Set 'spring.devtools.add-properties' to 'false' to disable
2023-04-07 10:09:31.853  INFO 14748 --- [restartedMain] .e.DevToolsPropertyDefaultsPostProcessor : For additional web related logging consider setting the 'logging.level.web' property to 'DEBUG'
2023-04-07 10:09:33.083  INFO 14748 --- [restartedMain] o.s.cloud.context.scope.GenericScope     : BeanFactory id=fd497784-b04a-3174-872e-55c69767e339
2023-04-07 10:09:33.604  INFO 14748 --- [restartedMain] o.s.b.w.embedded.tomcat.TomcatWebServer  : Tomcat initialized with port(s): 0 (http)
2023-04-07 10:09:33.611  INFO 14748 --- [restartedMain] o.apache.catalina.core.StandardService   : Starting service [Tomcat]
2023-04-07 10:09:33.611  INFO 14748 --- [restartedMain] org.apache.catalina.core.StandardEngine  : Starting Servlet engine: [Apache Tomcat/9.0.60]
2023-04-07 10:09:33.658  INFO 14748 --- [restartedMain] o.a.c.c.C.[Tomcat].[localhost].[/]       : Initializing Spring embedded WebApplicationContext
2023-04-07 10:09:33.658  INFO 14748 --- [restartedMain] w.s.c.ServletWebServerApplicationContext : Root WebApplicationContext: initialization completed in 1805 ms
2023-04-07 10:09:33.813  WARN 14748 --- [restartedMain] o.s.b.d.a.OptionalLiveReloadServer       : Unable to start LiveReload server
2023-04-07 10:09:33.878  INFO 14748 --- [restartedMain] o.s.c.openfeign.FeignClientFactoryBean   : For 'msclientes' URL not provided. Will try picking an instance via load-balancing.
2023-04-07 10:09:33.959  INFO 14748 --- [restartedMain] o.s.c.openfeign.FeignClientFactoryBean   : For 'mscartoes' URL not provided. Will try picking an instance via load-balancing.
2023-04-07 10:09:34.565  INFO 14748 --- [restartedMain] DiscoveryClientOptionalArgsConfiguration : Eureka HTTP Client uses RestTemplate.
2023-04-07 10:09:34.658  WARN 14748 --- [restartedMain] iguration$LoadBalancerCaffeineWarnLogger : Spring Cloud LoadBalancer is currently working with the default cache. While this cache implementation is useful for development and tests, it's recommended to use Caffeine cache in production.You can switch to using Caffeine cache, by adding it and org.springframework.cache.caffeine.CaffeineCacheManager to the classpath.
2023-04-07 10:09:34.685  INFO 14748 --- [restartedMain] o.s.b.w.embedded.tomcat.TomcatWebServer  : Tomcat started on port(s): 35413 (http) with context path ''
2023-04-07 10:09:34.686  INFO 14748 --- [restartedMain] .s.c.n.e.s.EurekaAutoServiceRegistration : Updating port to 35413
2023-04-07 10:09:34.689  INFO 14748 --- [restartedMain] o.s.c.n.eureka.InstanceInfoFactory       : Setting initial instance status as: STARTING
2023-04-07 10:09:34.750  INFO 14748 --- [restartedMain] com.netflix.discovery.DiscoveryClient    : Initializing Eureka in region us-east-1
2023-04-07 10:09:34.753  INFO 14748 --- [restartedMain] c.n.d.s.r.aws.ConfigClusterResolver      : Resolving eureka endpoints via configuration
2023-04-07 10:09:34.768  INFO 14748 --- [restartedMain] com.netflix.discovery.DiscoveryClient    : Disable delta property : false
2023-04-07 10:09:34.768  INFO 14748 --- [restartedMain] com.netflix.discovery.DiscoveryClient    : Single vip registry refresh property : null
2023-04-07 10:09:34.768  INFO 14748 --- [restartedMain] com.netflix.discovery.DiscoveryClient    : Force full registry fetch : false
2023-04-07 10:09:34.768  INFO 14748 --- [restartedMain] com.netflix.discovery.DiscoveryClient    : Application is null : false
2023-04-07 10:09:34.768  INFO 14748 --- [restartedMain] com.netflix.discovery.DiscoveryClient    : Registered Applications size is zero : true
2023-04-07 10:09:34.769  INFO 14748 --- [restartedMain] com.netflix.discovery.DiscoveryClient    : Application version is -1: true
2023-04-07 10:09:34.769  INFO 14748 --- [restartedMain] com.netflix.discovery.DiscoveryClient    : Getting all instance registry info from the eureka server
2023-04-07 10:09:35.011  INFO 14748 --- [restartedMain] com.netflix.discovery.DiscoveryClient    : The response status is 200
2023-04-07 10:09:35.015  INFO 14748 --- [restartedMain] com.netflix.discovery.DiscoveryClient    : Starting heartbeat executor: renew interval is: 30
2023-04-07 10:09:35.017  INFO 14748 --- [restartedMain] c.n.discovery.InstanceInfoReplicator     : InstanceInfoReplicator onDemand update allowed rate per min is 4
2023-04-07 10:09:35.023  INFO 14748 --- [restartedMain] com.netflix.discovery.DiscoveryClient    : Discovery Client initialized at timestamp 1680872975022 with initial instances count: 3
2023-04-07 10:09:35.025  INFO 14748 --- [restartedMain] o.s.c.n.e.s.EurekaServiceRegistry        : Registering application MSAVALIADORCREDITO with eureka with status UP
2023-04-07 10:09:35.026  INFO 14748 --- [restartedMain] com.netflix.discovery.DiscoveryClient    : Saw local status change event StatusChangeEvent [timestamp=1680872975026, current=UP, previous=STARTING]
2023-04-07 10:09:35.027  INFO 14748 --- [DiscoveryClient-InstanceInfoReplicator-0] com.netflix.discovery.DiscoveryClient    : DiscoveryClient_MSAVALIADORCREDITO/msavaliadorcredito:fbe2a3eb84e1f0f0c2508552e34ab19c: registering service...
2023-04-07 10:09:35.077  INFO 14748 --- [restartedMain] b.c.s.m.MsavaliadorcreditoApplication    : Started MsavaliadorcreditoApplication in 4.276 seconds (JVM running for 5.26)
2023-04-07 10:09:35.127  INFO 14748 --- [DiscoveryClient-InstanceInfoReplicator-0] com.netflix.discovery.DiscoveryClient    : DiscoveryClient_MSAVALIADORCREDITO/msavaliadorcredito:fbe2a3eb84e1f0f0c2508552e34ab19c - registration status: 204
2023-04-07 10:09:58.061  INFO 14748 --- [http-nio-auto-1-exec-1] o.a.c.c.C.[Tomcat].[localhost].[/]       : Initializing Spring DispatcherServlet 'dispatcherServlet'
2023-04-07 10:09:58.061  INFO 14748 --- [http-nio-auto-1-exec-1] o.s.web.servlet.DispatcherServlet        : Initializing Servlet 'dispatcherServlet'
2023-04-07 10:09:58.063  INFO 14748 --- [http-nio-auto-1-exec-1] o.s.web.servlet.DispatcherServlet        : Completed initialization in 2 ms
2023-04-07 10:10:25.253  INFO 14748 --- [SpringApplicationShutdownHook] o.s.c.n.e.s.EurekaServiceRegistry        : Unregistering application MSAVALIADORCREDITO with eureka with status DOWN
2023-04-07 10:10:25.254  INFO 14748 --- [SpringApplicationShutdownHook] com.netflix.discovery.DiscoveryClient    : Saw local status change event StatusChangeEvent [timestamp=1680873025254, current=DOWN, previous=UP]
2023-04-07 10:10:25.255  INFO 14748 --- [DiscoveryClient-InstanceInfoReplicator-0] com.netflix.discovery.DiscoveryClient    : DiscoveryClient_MSAVALIADORCREDITO/msavaliadorcredito:fbe2a3eb84e1f0f0c2508552e34ab19c: registering service...
2023-04-07 10:10:25.270  INFO 14748 --- [DiscoveryClient-InstanceInfoReplicator-0] com.netflix.discovery.DiscoveryClient    : DiscoveryClient_MSAVALIADORCREDITO/msavaliadorcredito:fbe2a3eb84e1f0f0c2508552e34ab19c - registration status: 204
2023-04-07 10:10:25.293  INFO 14748 --- [SpringApplicationShutdownHook] com.netflix.discovery.DiscoveryClient    : Shutting down DiscoveryClient ...
2023-04-07 10:10:28.299  INFO 14748 --- [SpringApplicationShutdownHook] com.netflix.discovery.DiscoveryClient    : Unregistering ...
2023-04-07 10:10:28.309  INFO 14748 --- [SpringApplicationShutdownHook] com.netflix.discovery.DiscoveryClient    : DiscoveryClient_MSAVALIADORCREDITO/msavaliadorcredito:fbe2a3eb84e1f0f0c2508552e34ab19c - deregister  status: 200
2023-04-07 10:10:28.318  INFO 14748 --- [SpringApplicationShutdownHook] com.netflix.discovery.DiscoveryClient    : Completed shut down of DiscoveryClient
2023-04-07 10:10:48.702  INFO 14976 --- [restartedMain] b.c.s.m.MsavaliadorcreditoApplication    : Starting MsavaliadorcreditoApplication using Java 17.0.6 on santos-pc with PID 14976 (/media/santos/9697-135A/workspace-cursos/fintech-api/msavaliadorcredito/target/classes started by santos in /media/santos/9697-135A/workspace-cursos/fintech-api/msavaliadorcredito)
2023-04-07 10:10:48.704  INFO 14976 --- [restartedMain] b.c.s.m.MsavaliadorcreditoApplication    : No active profile set, falling back to 1 default profile: "default"
2023-04-07 10:10:48.754  INFO 14976 --- [restartedMain] .e.DevToolsPropertyDefaultsPostProcessor : Devtools property defaults active! Set 'spring.devtools.add-properties' to 'false' to disable
2023-04-07 10:10:48.755  INFO 14976 --- [restartedMain] .e.DevToolsPropertyDefaultsPostProcessor : For additional web related logging consider setting the 'logging.level.web' property to 'DEBUG'
2023-04-07 10:10:49.973  INFO 14976 --- [restartedMain] o.s.cloud.context.scope.GenericScope     : BeanFactory id=89353dc3-d35c-305d-bb3d-61af2054915e
2023-04-07 10:10:50.530  INFO 14976 --- [restartedMain] o.s.b.w.embedded.tomcat.TomcatWebServer  : Tomcat initialized with port(s): 0 (http)
2023-04-07 10:10:50.537  INFO 14976 --- [restartedMain] o.apache.catalina.core.StandardService   : Starting service [Tomcat]
2023-04-07 10:10:50.538  INFO 14976 --- [restartedMain] org.apache.catalina.core.StandardEngine  : Starting Servlet engine: [Apache Tomcat/9.0.60]
2023-04-07 10:10:50.627  INFO 14976 --- [restartedMain] o.a.c.c.C.[Tomcat].[localhost].[/]       : Initializing Spring embedded WebApplicationContext
2023-04-07 10:10:50.628  INFO 14976 --- [restartedMain] w.s.c.ServletWebServerApplicationContext : Root WebApplicationContext: initialization completed in 1873 ms
2023-04-07 10:10:50.927  WARN 14976 --- [restartedMain] o.s.b.d.a.OptionalLiveReloadServer       : Unable to start LiveReload server
2023-04-07 10:10:50.997  INFO 14976 --- [restartedMain] o.s.c.openfeign.FeignClientFactoryBean   : For 'msclientes' URL not provided. Will try picking an instance via load-balancing.
2023-04-07 10:10:51.083  INFO 14976 --- [restartedMain] o.s.c.openfeign.FeignClientFactoryBean   : For 'mscartoes' URL not provided. Will try picking an instance via load-balancing.
2023-04-07 10:10:53.096  INFO 14976 --- [restartedMain] DiscoveryClientOptionalArgsConfiguration : Eureka HTTP Client uses RestTemplate.
2023-04-07 10:10:53.143  WARN 14976 --- [restartedMain] iguration$LoadBalancerCaffeineWarnLogger : Spring Cloud LoadBalancer is currently working with the default cache. While this cache implementation is useful for development and tests, it's recommended to use Caffeine cache in production.You can switch to using Caffeine cache, by adding it and org.springframework.cache.caffeine.CaffeineCacheManager to the classpath.
2023-04-07 10:10:53.162  INFO 14976 --- [restartedMain] o.s.b.a.e.web.EndpointLinksResolver      : Exposing 17 endpoint(s) beneath base path '/actuator'
2023-04-07 10:10:53.209  INFO 14976 --- [restartedMain] o.s.b.w.embedded.tomcat.TomcatWebServer  : Tomcat started on port(s): 35045 (http) with context path ''
2023-04-07 10:10:53.210  INFO 14976 --- [restartedMain] .s.c.n.e.s.EurekaAutoServiceRegistration : Updating port to 35045
2023-04-07 10:10:53.213  INFO 14976 --- [restartedMain] o.s.c.n.eureka.InstanceInfoFactory       : Setting initial instance status as: STARTING
2023-04-07 10:10:53.268  INFO 14976 --- [restartedMain] com.netflix.discovery.DiscoveryClient    : Initializing Eureka in region us-east-1
2023-04-07 10:10:53.272  INFO 14976 --- [restartedMain] c.n.d.s.r.aws.ConfigClusterResolver      : Resolving eureka endpoints via configuration
2023-04-07 10:10:53.288  INFO 14976 --- [restartedMain] com.netflix.discovery.DiscoveryClient    : Disable delta property : false
2023-04-07 10:10:53.288  INFO 14976 --- [restartedMain] com.netflix.discovery.DiscoveryClient    : Single vip registry refresh property : null
2023-04-07 10:10:53.288  INFO 14976 --- [restartedMain] com.netflix.discovery.DiscoveryClient    : Force full registry fetch : false
2023-04-07 10:10:53.288  INFO 14976 --- [restartedMain] com.netflix.discovery.DiscoveryClient    : Application is null : false
2023-04-07 10:10:53.288  INFO 14976 --- [restartedMain] com.netflix.discovery.DiscoveryClient    : Registered Applications size is zero : true
2023-04-07 10:10:53.288  INFO 14976 --- [restartedMain] com.netflix.discovery.DiscoveryClient    : Application version is -1: true
2023-04-07 10:10:53.288  INFO 14976 --- [restartedMain] com.netflix.discovery.DiscoveryClient    : Getting all instance registry info from the eureka server
2023-04-07 10:10:53.552  INFO 14976 --- [restartedMain] com.netflix.discovery.DiscoveryClient    : The response status is 200
2023-04-07 10:10:53.554  INFO 14976 --- [restartedMain] com.netflix.discovery.DiscoveryClient    : Starting heartbeat executor: renew interval is: 30
2023-04-07 10:10:53.556  INFO 14976 --- [restartedMain] c.n.discovery.InstanceInfoReplicator     : InstanceInfoReplicator onDemand update allowed rate per min is 4
2023-04-07 10:10:53.560  INFO 14976 --- [restartedMain] com.netflix.discovery.DiscoveryClient    : Discovery Client initialized at timestamp 1680873053559 with initial instances count: 3
2023-04-07 10:10:53.562  INFO 14976 --- [restartedMain] o.s.c.n.e.s.EurekaServiceRegistry        : Registering application MSAVALIADORCREDITO with eureka with status UP
2023-04-07 10:10:53.562  INFO 14976 --- [restartedMain] com.netflix.discovery.DiscoveryClient    : Saw local status change event StatusChangeEvent [timestamp=1680873053562, current=UP, previous=STARTING]
2023-04-07 10:10:53.563  INFO 14976 --- [DiscoveryClient-InstanceInfoReplicator-0] com.netflix.discovery.DiscoveryClient    : DiscoveryClient_MSAVALIADORCREDITO/msavaliadorcredito:ba6b4295259e0bd09bed57e3d6491a90: registering service...
2023-04-07 10:10:53.625  INFO 14976 --- [restartedMain] b.c.s.m.MsavaliadorcreditoApplication    : Started MsavaliadorcreditoApplication in 5.506 seconds (JVM running for 5.978)
2023-04-07 10:10:53.660  INFO 14976 --- [DiscoveryClient-InstanceInfoReplicator-0] com.netflix.discovery.DiscoveryClient    : DiscoveryClient_MSAVALIADORCREDITO/msavaliadorcredito:ba6b4295259e0bd09bed57e3d6491a90 - registration status: 204
2023-04-07 10:12:00.605  INFO 14976 --- [http-nio-auto-1-exec-1] o.a.c.c.C.[Tomcat].[localhost].[/]       : Initializing Spring DispatcherServlet 'dispatcherServlet'
2023-04-07 10:12:00.605  INFO 14976 --- [http-nio-auto-1-exec-1] o.s.web.servlet.DispatcherServlet        : Initializing Servlet 'dispatcherServlet'
2023-04-07 10:12:00.607  INFO 14976 --- [http-nio-auto-1-exec-1] o.s.web.servlet.DispatcherServlet        : Completed initialization in 2 ms
2023-04-07 10:12:09.592  INFO 14976 --- [http-nio-auto-1-exec-1] o.springdoc.api.AbstractOpenApiResource  : Init duration for springdoc-openapi is: 871 ms
2023-04-07 10:15:12.752  INFO 14976 --- [SpringApplicationShutdownHook] o.s.c.n.e.s.EurekaServiceRegistry        : Unregistering application MSAVALIADORCREDITO with eureka with status DOWN
2023-04-07 10:15:12.752  INFO 14976 --- [SpringApplicationShutdownHook] com.netflix.discovery.DiscoveryClient    : Saw local status change event StatusChangeEvent [timestamp=1680873312752, current=DOWN, previous=UP]
2023-04-07 10:15:12.752  INFO 14976 --- [DiscoveryClient-InstanceInfoReplicator-0] com.netflix.discovery.DiscoveryClient    : DiscoveryClient_MSAVALIADORCREDITO/msavaliadorcredito:ba6b4295259e0bd09bed57e3d6491a90: registering service...
2023-04-07 10:15:12.759  INFO 14976 --- [DiscoveryClient-InstanceInfoReplicator-0] com.netflix.discovery.DiscoveryClient    : DiscoveryClient_MSAVALIADORCREDITO/msavaliadorcredito:ba6b4295259e0bd09bed57e3d6491a90 - registration status: 204
2023-04-07 10:15:12.775  INFO 14976 --- [SpringApplicationShutdownHook] com.netflix.discovery.DiscoveryClient    : Shutting down DiscoveryClient ...
2023-04-07 10:15:15.781  INFO 14976 --- [SpringApplicationShutdownHook] com.netflix.discovery.DiscoveryClient    : Unregistering ...
2023-04-07 10:15:15.792  INFO 14976 --- [SpringApplicationShutdownHook] com.netflix.discovery.DiscoveryClient    : DiscoveryClient_MSAVALIADORCREDITO/msavaliadorcredito:ba6b4295259e0bd09bed57e3d6491a90 - deregister  status: 200
2023-04-07 10:15:15.808  INFO 14976 --- [SpringApplicationShutdownHook] com.netflix.discovery.DiscoveryClient    : Completed shut down of DiscoveryClient
